Added Component: Designator=C83(CN-SMD-0603)
Add component (AddParameter): Name = "Value"; Value = "103"; VariantName = "[No Variations]"
Added Component: Designator=C84(CN-SMD-0603)
Add component (AddParameter): Name = "Value"; Value = "103"; VariantName = "[No Variations]"
Added Component: Designator=C85(CN-SMD-0603)
Add component (AddParameter): Name = "Value"; Value = "103"; VariantName = "[No Variations]"
Added Component: Designator=C86(CN-SMD-0603)
Add component (AddParameter): Name = "Value"; Value = "103"; VariantName = "[No Variations]"
Added Component: Designator=C87(CN-SMD-0603)
Add component (AddParameter): Name = "Value"; Value = "103"; VariantName = "[No Variations]"
Added Component: Designator=C88(CN-SMD-0603)
Add component (AddParameter): Name = "Value"; Value = "103"; VariantName = "[No Variations]"
Added Component: Designator=C89(CN-SMD-0603)
Add component (AddParameter): Name = "Value"; Value = "103"; VariantName = "[No Variations]"
Added Component: Designator=C90(CN-SMD-0603)
Add component (AddParameter): Name = "Value"; Value = "103"; VariantName = "[No Variations]"
Added Component: Designator=C91(CN-SMD-0603)
Add component (AddParameter): Name = "Value"; Value = "103"; VariantName = "[No Variations]"
Added Component: Designator=C92(CN-SMD-0603)
Add component (AddParameter): Name = "Value"; Value = "103"; VariantName = "[No Variations]"
Added Component: Designator=C93(CN-SMD-0603)
Add component (AddParameter): Name = "Value"; Value = "103"; VariantName = "[No Variations]"
Added Component: Designator=C94(CN-SMD-0603)
Add component (AddParameter): Name = "Value"; Value = "103"; VariantName = "[No Variations]"
Added Component: Designator=C95(CN-SMD-0603)
Add component (AddParameter): Name = "Value"; Value = "103"; VariantName = "[No Variations]"
Added Component: Designator=C96(CN-SMD-0603)
Add component (AddParameter): Name = "Value"; Value = "103"; VariantName = "[No Variations]"
Added Component: Designator=C97(CN-SMD-0603)
Add component (AddParameter): Name = "Value"; Value = "103"; VariantName = "[No Variations]"
Added Component: Designator=C98(CN-SMD-0603)
Add component (AddParameter): Name = "Value"; Value = "103"; VariantName = "[No Variations]"
Added Component: Designator=C99(CN-SMD-0603)
Add component (AddParameter): Name = "Value"; Value = "103"; VariantName = "[No Variations]"
Added Component: Designator=C100(CN-SMD-0603)
Add component (AddParameter): Name = "Value"; Value = "103"; VariantName = "[No Variations]"
Added Component: Designator=C101(CN-SMD-0603)
Add component (AddParameter): Name = "Value"; Value = "103"; VariantName = "[No Variations]"
Added Component: Designator=C102(CN-SMD-0603)
Add component (AddParameter): Name = "Value"; Value = "103"; VariantName = "[No Variations]"
Added Component: Designator=C103(CN-SMD-0603)
Add component (AddParameter): Name = "Value"; Value = "103"; VariantName = "[No Variations]"
Added Component: Designator=C104(CN-SMD-0603)
Add component (AddParameter): Name = "Value"; Value = "103"; VariantName = "[No Variations]"
Added Component: Designator=C105(CN-SMD-0603)
Add component (AddParameter): Name = "Value"; Value = "103"; VariantName = "[No Variations]"
Added Component: Designator=C106(CN-SMD-0603)
Add component (AddParameter): Name = "Value"; Value = "103"; VariantName = "[No Variations]"
Added Component: Designator=C107(CN-SMD-0603)
Add component (AddParameter): Name = "Value"; Value = "103"; VariantName = "[No Variations]"
Added Component: Designator=C108(CN-SMD-0603)
Add component (AddParameter): Name = "Value"; Value = "103"; VariantName = "[No Variations]"
Added Component: Designator=C109(CN-SMD-0603)
Add component (AddParameter): Name = "Value"; Value = "103"; VariantName = "[No Variations]"
Added Component: Designator=C110(CAP_TANT_1206)
Add component (AddParameter): Name = "LatestRevisionDate"; Value = "17-Jul-2002"; VariantName = "[No Variations]"
Add component (AddParameter): Name = "LatestRevisionNote"; Value = "Re-released for DXP Platform."; VariantName = "[No Variations]"
Add component (AddParameter): Name = "PackageReference"; Value = "POLAR0.8"; VariantName = "[No Variations]"
Add component (AddParameter): Name = "Published"; Value = "8-Jun-2000"; VariantName = "[No Variations]"
Add component (AddParameter): Name = "Publisher"; Value = "Altium Limited"; VariantName = "[No Variations]"
Added Component: Designator=C111(CN-SMD-0603)
Add component (AddParameter): Name = "Value"; Value = "103"; VariantName = "[No Variations]"
Added Component: Designator=C112(CN-SMD-0603)
Add component (AddParameter): Name = "Value"; Value = "103"; VariantName = "[No Variations]"
Added Component: Designator=C113(CN-SMD-0603)
Add component (AddParameter): Name = "Value"; Value = "103"; VariantName = "[No Variations]"
Added Component: Designator=C114(CN-SMD-0603)
Add component (AddParameter): Name = "Value"; Value = "103"; VariantName = "[No Variations]"
Added Component: Designator=C115(CN-SMD-0603)
Add component (AddParameter): Name = "Value"; Value = "103"; VariantName = "[No Variations]"
Added Component: Designator=C116(CN-SMD-0603)
Add component (AddParameter): Name = "Value"; Value = "103"; VariantName = "[No Variations]"
Added Component: Designator=C117(CN-SMD-0603)
Add component (AddParameter): Name = "Value"; Value = "103"; VariantName = "[No Variations]"
Added Component: Designator=C118(CAP TANT 2312)
Add component (AddParameter): Name = "LatestRevisionDate"; Value = "17-Jul-2002"; VariantName = "[No Variations]"
Add component (AddParameter): Name = "LatestRevisionNote"; Value = "Re-released for DXP Platform."; VariantName = "[No Variations]"
Add component (AddParameter): Name = "PackageReference"; Value = "POLAR0.8"; VariantName = "[No Variations]"
Add component (AddParameter): Name = "Published"; Value = "8-Jun-2000"; VariantName = "[No Variations]"
Add component (AddParameter): Name = "Publisher"; Value = "Altium Limited"; VariantName = "[No Variations]"
Added Component: Designator=C119(CAP TANT 2312)
Add component (AddParameter): Name = "LatestRevisionDate"; Value = "17-Jul-2002"; VariantName = "[No Variations]"
Add component (AddParameter): Name = "LatestRevisionNote"; Value = "Re-released for DXP Platform."; VariantName = "[No Variations]"
Add component (AddParameter): Name = "PackageReference"; Value = "POLAR0.8"; VariantName = "[No Variations]"
Add component (AddParameter): Name = "Published"; Value = "8-Jun-2000"; VariantName = "[No Variations]"
Add component (AddParameter): Name = "Publisher"; Value = "Altium Limited"; VariantName = "[No Variations]"
Added Component: Designator=C120(CN-SMD-0603)
Add component (AddParameter): Name = "Value"; Value = "103"; VariantName = "[No Variations]"
Added Component: Designator=C121(CN-SMD-0603)
Add component (AddParameter): Name = "Value"; Value = "103"; VariantName = "[No Variations]"
Added Component: Designator=C122(CN-SMD-0603)
Add component (AddParameter): Name = "Value"; Value = "103"; VariantName = "[No Variations]"
Added Component: Designator=C123(CN-SMD-0603)
Add component (AddParameter): Name = "Value"; Value = "103"; VariantName = "[No Variations]"
Added Component: Designator=C124(CAP TANT 2312)
Add component (AddParameter): Name = "LatestRevisionDate"; Value = "17-Jul-2002"; VariantName = "[No Variations]"
Add component (AddParameter): Name = "LatestRevisionNote"; Value = "Re-released for DXP Platform."; VariantName = "[No Variations]"
Add component (AddParameter): Name = "PackageReference"; Value = "POLAR0.8"; VariantName = "[No Variations]"
Add component (AddParameter): Name = "Published"; Value = "8-Jun-2000"; VariantName = "[No Variations]"
Add component (AddParameter): Name = "Publisher"; Value = "Altium Limited"; VariantName = "[No Variations]"
Added Component: Designator=C125(CAP TANT 2312)
Add component (AddParameter): Name = "LatestRevisionDate"; Value = "17-Jul-2002"; VariantName = "[No Variations]"
Add component (AddParameter): Name = "LatestRevisionNote"; Value = "Re-released for DXP Platform."; VariantName = "[No Variations]"
Add component (AddParameter): Name = "PackageReference"; Value = "POLAR0.8"; VariantName = "[No Variations]"
Add component (AddParameter): Name = "Published"; Value = "8-Jun-2000"; VariantName = "[No Variations]"
Add component (AddParameter): Name = "Publisher"; Value = "Altium Limited"; VariantName = "[No Variations]"
Added Component: Designator=C126(CN-SMD-0603)
Add component (AddParameter): Name = "Value"; Value = "103"; VariantName = "[No Variations]"
Added Component: Designator=C127(CN-SMD-0603)
Add component (AddParameter): Name = "Value"; Value = "103"; VariantName = "[No Variations]"
Added Component: Designator=C128(CAP_TANT_1206)
Add component (AddParameter): Name = "LatestRevisionDate"; Value = "17-Jul-2002"; VariantName = "[No Variations]"
Add component (AddParameter): Name = "LatestRevisionNote"; Value = "Re-released for DXP Platform."; VariantName = "[No Variations]"
Add component (AddParameter): Name = "PackageReference"; Value = "POLAR0.8"; VariantName = "[No Variations]"
Add component (AddParameter): Name = "Published"; Value = "8-Jun-2000"; VariantName = "[No Variations]"
Add component (AddParameter): Name = "Publisher"; Value = "Altium Limited"; VariantName = "[No Variations]"
Added Component: Designator=C129(CAP_TANT_1206)
Add component (AddParameter): Name = "LatestRevisionDate"; Value = "17-Jul-2002"; VariantName = "[No Variations]"
Add component (AddParameter): Name = "LatestRevisionNote"; Value = "Re-released for DXP Platform."; VariantName = "[No Variations]"
Add component (AddParameter): Name = "PackageReference"; Value = "POLAR0.8"; VariantName = "[No Variations]"
Add component (AddParameter): Name = "Published"; Value = "8-Jun-2000"; VariantName = "[No Variations]"
Add component (AddParameter): Name = "Publisher"; Value = "Altium Limited"; VariantName = "[No Variations]"
Added Component: Designator=C130(CAP_TANT_1206)
Add component (AddParameter): Name = "LatestRevisionDate"; Value = "17-Jul-2002"; VariantName = "[No Variations]"
Add component (AddParameter): Name = "LatestRevisionNote"; Value = "Re-released for DXP Platform."; VariantName = "[No Variations]"
Add component (AddParameter): Name = "PackageReference"; Value = "POLAR0.8"; VariantName = "[No Variations]"
Add component (AddParameter): Name = "Published"; Value = "8-Jun-2000"; VariantName = "[No Variations]"
Add component (AddParameter): Name = "Publisher"; Value = "Altium Limited"; VariantName = "[No Variations]"
Added Component: Designator=D1(SOT23-123)
Added Component: Designator=D2(SOT23-123)
Added Component: Designator=D3(SOT23-123)
Added Component: Designator=D4(SOT23-123)
Added Component: Designator=D5(DIO-SMD-A)
Add component (AddParameter): Name = "Code - JEDEC"; Value = "DO-214-AB"; VariantName = "[No Variations]"
Add component (AddParameter): Name = "Published"; Value = "8-Jun-2000"; VariantName = "[No Variations]"
Add component (AddParameter): Name = "Publisher"; Value = "Altium Limited"; VariantName = "[No Variations]"
Add component (AddParameter): Name = "Revision"; Value = "July-2002: Re-released for DXP Platform."; VariantName = "[No Variations]"
Add component (AddParameter): Name = "Value"; Value = "1N5007"; VariantName = "[No Variations]"
Added Component: Designator=H3(M3 - 6mm)
Added Component: Designator=H5(M3 - 6mm)
Added Component: Designator=H6(M3 - 6mm)
Added Component: Designator=H7(M3 - 6mm)
Added Component: Designator=H8(M3 - 6mm)
Added Component: Designator=H9(M3 - 6mm)
Added Component: Designator=H10(M3 - 6mm)
Added Component: Designator=H11(M3 - 6mm)
Added Component: Designator=H12(M3 - 6mm)
Added Component: Designator=J2(0532610971)
Add component (AddParameter): Name = "ComponentLink1 Description"; Value = "Manufacturer"; VariantName = "[No Variations]"
Add component (AddParameter): Name = "ComponentLink1URL"; Value = "http://www.we-online.com"; VariantName = "[No Variations]"
Add component (AddParameter): Name = "ComponentLink2 Description"; Value = "Datasheet"; VariantName = "[No Variations]"
Add component (AddParameter): Name = "ComponentLink2URL"; Value = "http://katalog.we-online.de/em/datasheet/6130xx143121.pdf"; VariantName = "[No Variations]"
Add component (AddParameter): Name = "Created by"; Value = "Karrer Zheng"; VariantName = "[No Variations]"
Add component (AddParameter): Name = "Created Date"; Value = "29 March 2013"; VariantName = "[No Variations]"
Add component (AddParameter): Name = "Manufacturer"; Value = "W¨ąrth Elektronik eiSos GmbH"; VariantName = "[No Variations]"
Add component (AddParameter): Name = "NoPins"; Value = "09"; VariantName = "[No Variations]"
Add component (AddParameter): Name = "partNo"; Value = "613009143121"; VariantName = "[No Variations]"
Added Component: Designator=J3(M50-3930342)
Add component (AddParameter): Name = "ComponentLink1 Description"; Value = "Manufacturer"; VariantName = "[No Variations]"
Add component (AddParameter): Name = "ComponentLink1URL"; Value = "http://www.we-online.com"; VariantName = "[No Variations]"
Add component (AddParameter): Name = "ComponentLink2 Description"; Value = "Datasheet"; VariantName = "[No Variations]"
Add component (AddParameter): Name = "ComponentLink2URL"; Value = "http://katalog.we-online.de/em/datasheet/6130xx143121.pdf"; VariantName = "[No Variations]"
Add component (AddParameter): Name = "Created by"; Value = "Karrer Zheng"; VariantName = "[No Variations]"
Add component (AddParameter): Name = "Created Date"; Value = "29 March 2013"; VariantName = "[No Variations]"
Add component (AddParameter): Name = "Manufacturer"; Value = "W¨ąrth Elektronik eiSos GmbH"; VariantName = "[No Variations]"
Add component (AddParameter): Name = "NoPins"; Value = "03"; VariantName = "[No Variations]"
Add component (AddParameter): Name = "partNo"; Value = "613003143121"; VariantName = "[No Variations]"
Added Component: Designator=JP1(Jump2)
Added Component: Designator=L1(SRP7050TA)
Added Component: Designator=PD1(VEMD5080X01)
Added Component: Designator=PD2(VEMD5080X01)
Added Component: Designator=PD3(VEMD5080X01)
Added Component: Designator=PD4(VEMD5080X01)
Added Component: Designator=PD5(VEMD5080X01)
Added Component: Designator=PD6(VEMD5080X01)
Added Component: Designator=PD7(VEMD5080X01)
Added Component: Designator=PD8(VEMD5080X01)
Added Component: Designator=PD9(VEMD5080X01)
Added Component: Designator=PD10(VEMD5080X01)
Added Component: Designator=PD11(VEMD5080X01)
Added Component: Designator=PD12(VEMD5080X01)
Added Component: Designator=PD13(VEMD5080X01)
Added Component: Designator=PD14(VEMD5080X01)
Added Component: Designator=PD15(VEMD5080X01)
Added Component: Designator=PD16(VEMD5080X01)
Added Component: Designator=PD17(VEMD5080X01)
Added Component: Designator=PD18(VEMD5080X01)
Added Component: Designator=PD19(VEMD5080X01)
Added Component: Designator=PD20(VEMD5080X01)
Added Component: Designator=PD21(VEMD5080X01)
Added Component: Designator=PD22(VEMD5080X01)
Added Component: Designator=PD23(VEMD5080X01)
Added Component: Designator=PD24(VEMD5080X01)
Added Component: Designator=R45(RES-SMD-0603)
Add component (AddParameter): Name = "Class"; Value = "Passive"; VariantName = "[No Variations]"
Add component (AddParameter): Name = "Manufacturer"; Value = "Generic Components"; VariantName = "[No Variations]"
Add component (AddParameter): Name = "Published"; Value = "08/06/2000"; VariantName = "[No Variations]"
Add component (AddParameter): Name = "Publisher"; Value = "Altium Hobart Technology Centre"; VariantName = "[No Variations]"
Added Component: Designator=R46(RES-SMD-0603)
Add component (AddParameter): Name = "Class"; Value = "Passive"; VariantName = "[No Variations]"
Add component (AddParameter): Name = "Manufacturer"; Value = "Generic Components"; VariantName = "[No Variations]"
Add component (AddParameter): Name = "Published"; Value = "08/06/2000"; VariantName = "[No Variations]"
Add component (AddParameter): Name = "Publisher"; Value = "Altium Hobart Technology Centre"; VariantName = "[No Variations]"
Added Component: Designator=R47(RES-SMD-0603)
Add component (AddParameter): Name = "Class"; Value = "Passive"; VariantName = "[No Variations]"
Add component (AddParameter): Name = "Manufacturer"; Value = "Generic Components"; VariantName = "[No Variations]"
Add component (AddParameter): Name = "Published"; Value = "08/06/2000"; VariantName = "[No Variations]"
Add component (AddParameter): Name = "Publisher"; Value = "Altium Hobart Technology Centre"; VariantName = "[No Variations]"
Added Component: Designator=R48(RES-SMD-0603)
Add component (AddParameter): Name = "Class"; Value = "Passive"; VariantName = "[No Variations]"
Add component (AddParameter): Name = "Manufacturer"; Value = "Generic Components"; VariantName = "[No Variations]"
Add component (AddParameter): Name = "Published"; Value = "08/06/2000"; VariantName = "[No Variations]"
Add component (AddParameter): Name = "Publisher"; Value = "Altium Hobart Technology Centre"; VariantName = "[No Variations]"
Added Component: Designator=R49(RES-SMD-0603)
Add component (AddParameter): Name = "Class"; Value = "Passive"; VariantName = "[No Variations]"
Add component (AddParameter): Name = "Manufacturer"; Value = "Generic Components"; VariantName = "[No Variations]"
Add component (AddParameter): Name = "Published"; Value = "08/06/2000"; VariantName = "[No Variations]"
Add component (AddParameter): Name = "Publisher"; Value = "Altium Hobart Technology Centre"; VariantName = "[No Variations]"
Added Component: Designator=R50(RES-SMD-0603)
Add component (AddParameter): Name = "Class"; Value = "Passive"; VariantName = "[No Variations]"
Add component (AddParameter): Name = "Manufacturer"; Value = "Generic Components"; VariantName = "[No Variations]"
Add component (AddParameter): Name = "Published"; Value = "08/06/2000"; VariantName = "[No Variations]"
Add component (AddParameter): Name = "Publisher"; Value = "Altium Hobart Technology Centre"; VariantName = "[No Variations]"
Added Component: Designator=R51(RES-SMD-0603)
Add component (AddParameter): Name = "Class"; Value = "Passive"; VariantName = "[No Variations]"
Add component (AddParameter): Name = "Manufacturer"; Value = "Generic Components"; VariantName = "[No Variations]"
Add component (AddParameter): Name = "Published"; Value = "08/06/2000"; VariantName = "[No Variations]"
Add component (AddParameter): Name = "Publisher"; Value = "Altium Hobart Technology Centre"; VariantName = "[No Variations]"
Added Component: Designator=R52(RES-SMD-0603)
Add component (AddParameter): Name = "Class"; Value = "Passive"; VariantName = "[No Variations]"
Add component (AddParameter): Name = "Manufacturer"; Value = "Generic Components"; VariantName = "[No Variations]"
Add component (AddParameter): Name = "Published"; Value = "08/06/2000"; VariantName = "[No Variations]"
Add component (AddParameter): Name = "Publisher"; Value = "Altium Hobart Technology Centre"; VariantName = "[No Variations]"
Added Component: Designator=R53(RES-SMD-0603)
Add component (AddParameter): Name = "Class"; Value = "Passive"; VariantName = "[No Variations]"
Add component (AddParameter): Name = "Manufacturer"; Value = "Generic Components"; VariantName = "[No Variations]"
Add component (AddParameter): Name = "Published"; Value = "08/06/2000"; VariantName = "[No Variations]"
Add component (AddParameter): Name = "Publisher"; Value = "Altium Hobart Technology Centre"; VariantName = "[No Variations]"
Added Component: Designator=R54(RES-SMD-0603)
Add component (AddParameter): Name = "Class"; Value = "Passive"; VariantName = "[No Variations]"
Add component (AddParameter): Name = "Manufacturer"; Value = "Generic Components"; VariantName = "[No Variations]"
Add component (AddParameter): Name = "Published"; Value = "08/06/2000"; VariantName = "[No Variations]"
Add component (AddParameter): Name = "Publisher"; Value = "Altium Hobart Technology Centre"; VariantName = "[No Variations]"
Added Component: Designator=R55(RES-SMD-0603)
Add component (AddParameter): Name = "Class"; Value = "Passive"; VariantName = "[No Variations]"
Add component (AddParameter): Name = "Manufacturer"; Value = "Generic Components"; VariantName = "[No Variations]"
Add component (AddParameter): Name = "Published"; Value = "08/06/2000"; VariantName = "[No Variations]"
Add component (AddParameter): Name = "Publisher"; Value = "Altium Hobart Technology Centre"; VariantName = "[No Variations]"
Added Component: Designator=R56(RES-SMD-0603)
Add component (AddParameter): Name = "Class"; Value = "Passive"; VariantName = "[No Variations]"
Add component (AddParameter): Name = "Manufacturer"; Value = "Generic Components"; VariantName = "[No Variations]"
Add component (AddParameter): Name = "Published"; Value = "08/06/2000"; VariantName = "[No Variations]"
Add component (AddParameter): Name = "Publisher"; Value = "Altium Hobart Technology Centre"; VariantName = "[No Variations]"
Added Component: Designator=R57(RES-SMD-0603)
Add component (AddParameter): Name = "Class"; Value = "Passive"; VariantName = "[No Variations]"
Add component (AddParameter): Name = "Manufacturer"; Value = "Generic Components"; VariantName = "[No Variations]"
Add component (AddParameter): Name = "Published"; Value = "08/06/2000"; VariantName = "[No Variations]"
Add component (AddParameter): Name = "Publisher"; Value = "Altium Hobart Technology Centre"; VariantName = "[No Variations]"
Added Component: Designator=R58(RES-SMD-0603)
Add component (AddParameter): Name = "Class"; Value = "Passive"; VariantName = "[No Variations]"
Add component (AddParameter): Name = "Manufacturer"; Value = "Generic Components"; VariantName = "[No Variations]"
Add component (AddParameter): Name = "Published"; Value = "08/06/2000"; VariantName = "[No Variations]"
Add component (AddParameter): Name = "Publisher"; Value = "Altium Hobart Technology Centre"; VariantName = "[No Variations]"
Added Component: Designator=R59(RES-SMD-0603)
Add component (AddParameter): Name = "Class"; Value = "Passive"; VariantName = "[No Variations]"
Add component (AddParameter): Name = "Manufacturer"; Value = "Generic Components"; VariantName = "[No Variations]"
Add component (AddParameter): Name = "Published"; Value = "08/06/2000"; VariantName = "[No Variations]"
Add component (AddParameter): Name = "Publisher"; Value = "Altium Hobart Technology Centre"; VariantName = "[No Variations]"
Added Component: Designator=R60(RES-SMD-0603)
Add component (AddParameter): Name = "Class"; Value = "Passive"; VariantName = "[No Variations]"
Add component (AddParameter): Name = "Manufacturer"; Value = "Generic Components"; VariantName = "[No Variations]"
Add component (AddParameter): Name = "Published"; Value = "08/06/2000"; VariantName = "[No Variations]"
Add component (AddParameter): Name = "Publisher"; Value = "Altium Hobart Technology Centre"; VariantName = "[No Variations]"
Added Component: Designator=R61(RES-SMD-0603)
Add component (AddParameter): Name = "Class"; Value = "Passive"; VariantName = "[No Variations]"
Add component (AddParameter): Name = "Manufacturer"; Value = "Generic Components"; VariantName = "[No Variations]"
Add component (AddParameter): Name = "Published"; Value = "08/06/2000"; VariantName = "[No Variations]"
Add component (AddParameter): Name = "Publisher"; Value = "Altium Hobart Technology Centre"; VariantName = "[No Variations]"
Added Component: Designator=R62(RES-SMD-0603)
Add component (AddParameter): Name = "Class"; Value = "Passive"; VariantName = "[No Variations]"
Add component (AddParameter): Name = "Manufacturer"; Value = "Generic Components"; VariantName = "[No Variations]"
Add component (AddParameter): Name = "Published"; Value = "08/06/2000"; VariantName = "[No Variations]"
Add component (AddParameter): Name = "Publisher"; Value = "Altium Hobart Technology Centre"; VariantName = "[No Variations]"
Added Component: Designator=R63(RES-SMD-0603)
Add component (AddParameter): Name = "Class"; Value = "Passive"; VariantName = "[No Variations]"
Add component (AddParameter): Name = "Manufacturer"; Value = "Generic Components"; VariantName = "[No Variations]"
Add component (AddParameter): Name = "Published"; Value = "08/06/2000"; VariantName = "[No Variations]"
Add component (AddParameter): Name = "Publisher"; Value = "Altium Hobart Technology Centre"; VariantName = "[No Variations]"
Added Component: Designator=R64(RES-SMD-0603)
Add component (AddParameter): Name = "Class"; Value = "Passive"; VariantName = "[No Variations]"
Add component (AddParameter): Name = "Manufacturer"; Value = "Generic Components"; VariantName = "[No Variations]"
Add component (AddParameter): Name = "Published"; Value = "08/06/2000"; VariantName = "[No Variations]"
Add component (AddParameter): Name = "Publisher"; Value = "Altium Hobart Technology Centre"; VariantName = "[No Variations]"
Added Component: Designator=R65(RES-SMD-0603)
Add component (AddParameter): Name = "Class"; Value = "Passive"; VariantName = "[No Variations]"
Add component (AddParameter): Name = "Manufacturer"; Value = "Generic Components"; VariantName = "[No Variations]"
Add component (AddParameter): Name = "Published"; Value = "08/06/2000"; VariantName = "[No Variations]"
Add component (AddParameter): Name = "Publisher"; Value = "Altium Hobart Technology Centre"; VariantName = "[No Variations]"
Added Component: Designator=R66(RES-SMD-0603)
Add component (AddParameter): Name = "Class"; Value = "Passive"; VariantName = "[No Variations]"
Add component (AddParameter): Name = "Manufacturer"; Value = "Generic Components"; VariantName = "[No Variations]"
Add component (AddParameter): Name = "Published"; Value = "08/06/2000"; VariantName = "[No Variations]"
Add component (AddParameter): Name = "Publisher"; Value = "Altium Hobart Technology Centre"; VariantName = "[No Variations]"
Added Component: Designator=R67(RES-SMD-0603)
Add component (AddParameter): Name = "Class"; Value = "Passive"; VariantName = "[No Variations]"
Add component (AddParameter): Name = "Manufacturer"; Value = "Generic Components"; VariantName = "[No Variations]"
Add component (AddParameter): Name = "Published"; Value = "08/06/2000"; VariantName = "[No Variations]"
Add component (AddParameter): Name = "Publisher"; Value = "Altium Hobart Technology Centre"; VariantName = "[No Variations]"
Added Component: Designator=TP9(TESTPOINT)
Added Component: Designator=TP10(TESTPOINT)
Added Component: Designator=TP11(TESTPOINT)
Added Component: Designator=TP12(TESTPOINT)
Added Component: Designator=TP13(TESTPOINT)
Added Component: Designator=TP14(TESTPOINT)
Added Component: Designator=TP15(TESTPOINT)
Added Component: Designator=TP16(TESTPOINT)
Added Component: Designator=TP17(TESTPOINT)
Added Component: Designator=TP18(TESTPOINT)
Added Component: Designator=TP19(TESTPOINT)
Added Component: Designator=TP20(TESTPOINT)
Added Component: Designator=U19(TSSOP16)
Add component (AddParameter): Name = "Supplier 1"; Value = "Mouser"; VariantName = "[No Variations]"
Add component (AddParameter): Name = "Supplier Part Number 1"; Value = "595-ADS8327IPW"; VariantName = "[No Variations]"
Added Component: Designator=U20(SSOP16)
Add component (AddParameter): Name = "Supplier 1"; Value = "Mouser"; VariantName = "[No Variations]"
Add component (AddParameter): Name = "Supplier Part Number 1"; Value = "595-OPA4340UA/2K5"; VariantName = "[No Variations]"
Added Component: Designator=U21(TSSOP24)
Added Component: Designator=U22(TSSOP24)
Added Component: Designator=U23(SOT23-5)
Added Component: Designator=U24(TSSOP24)
Added Component: Designator=U25(HSOP8)
Added Component: Designator=U26(SOT223-6)
Added Component: Designator=U27(SO8)
Add component (AddParameter): Name = "Creator"; Value = "Nguyen Ba Bien"; VariantName = "[No Variations]"
Added Pin To Net: NetName=GND Pin=C86-1
Added Pin To Net: NetName=GND Pin=C87-1
Added Pin To Net: NetName=GND Pin=C88-1
Added Pin To Net: NetName=GND Pin=C92-1
Added Pin To Net: NetName=GND Pin=C93-1
Added Pin To Net: NetName=GND Pin=C94-1
Added Pin To Net: NetName=GND Pin=C95-1
Added Pin To Net: NetName=GND Pin=C96-1
Added Pin To Net: NetName=GND Pin=C100-1
Added Pin To Net: NetName=GND Pin=C101-1
Added Pin To Net: NetName=GND Pin=C104-1
Added Pin To Net: NetName=GND Pin=C105-1
Added Pin To Net: NetName=GND Pin=C108-1
Added Pin To Net: NetName=GND Pin=C109-1
Added Pin To Net: NetName=GND Pin=C110-2
Added Pin To Net: NetName=GND Pin=C113-1
Added Pin To Net: NetName=GND Pin=C114-1
Added Pin To Net: NetName=GND Pin=C118-2
Added Pin To Net: NetName=GND Pin=C119-2
Added Pin To Net: NetName=GND Pin=C120-1
Added Pin To Net: NetName=GND Pin=C121-1
Added Pin To Net: NetName=GND Pin=C124-2
Added Pin To Net: NetName=GND Pin=C125-2
Added Pin To Net: NetName=GND Pin=C126-1
Added Pin To Net: NetName=GND Pin=C127-1
Added Pin To Net: NetName=GND Pin=C128-2
Added Pin To Net: NetName=GND Pin=C130-1
Added Pin To Net: NetName=GND Pin=D1-2
Added Pin To Net: NetName=GND Pin=D2-2
Added Pin To Net: NetName=GND Pin=D3-2
Added Pin To Net: NetName=GND Pin=D4-2
Added Pin To Net: NetName=GND Pin=D5-1
Added Pin To Net: NetName=GND Pin=H3-1
Added Pin To Net: NetName=GND Pin=H3-1
Added Pin To Net: NetName=GND Pin=H3-1
Added Pin To Net: NetName=GND Pin=H3-1
Added Pin To Net: NetName=GND Pin=H3-1
Added Pin To Net: NetName=GND Pin=H3-1
Added Pin To Net: NetName=GND Pin=H3-1
Added Pin To Net: NetName=GND Pin=H3-1
Added Pin To Net: NetName=GND Pin=H3-1
Added Pin To Net: NetName=GND Pin=H5-1
Added Pin To Net: NetName=GND Pin=H5-1
Added Pin To Net: NetName=GND Pin=H5-1
Added Pin To Net: NetName=GND Pin=H5-1
Added Pin To Net: NetName=GND Pin=H5-1
Added Pin To Net: NetName=GND Pin=H5-1
Added Pin To Net: NetName=GND Pin=H5-1
Added Pin To Net: NetName=GND Pin=H5-1
Added Pin To Net: NetName=GND Pin=H5-1
Added Pin To Net: NetName=GND Pin=H6-1
Added Pin To Net: NetName=GND Pin=H6-1
Added Pin To Net: NetName=GND Pin=H6-1
Added Pin To Net: NetName=GND Pin=H6-1
Added Pin To Net: NetName=GND Pin=H6-1
Added Pin To Net: NetName=GND Pin=H6-1
Added Pin To Net: NetName=GND Pin=H6-1
Added Pin To Net: NetName=GND Pin=H6-1
Added Pin To Net: NetName=GND Pin=H6-1
Added Pin To Net: NetName=GND Pin=H7-1
Added Pin To Net: NetName=GND Pin=H7-1
Added Pin To Net: NetName=GND Pin=H7-1
Added Pin To Net: NetName=GND Pin=H7-1
Added Pin To Net: NetName=GND Pin=H7-1
Added Pin To Net: NetName=GND Pin=H7-1
Added Pin To Net: NetName=GND Pin=H7-1
Added Pin To Net: NetName=GND Pin=H7-1
Added Pin To Net: NetName=GND Pin=H7-1
Added Pin To Net: NetName=GND Pin=H8-1
Added Pin To Net: NetName=GND Pin=H8-1
Added Pin To Net: NetName=GND Pin=H8-1
Added Pin To Net: NetName=GND Pin=H8-1
Added Pin To Net: NetName=GND Pin=H8-1
Added Pin To Net: NetName=GND Pin=H8-1
Added Pin To Net: NetName=GND Pin=H8-1
Added Pin To Net: NetName=GND Pin=H8-1
Added Pin To Net: NetName=GND Pin=H8-1
Added Pin To Net: NetName=GND Pin=H9-1
Added Pin To Net: NetName=GND Pin=H9-1
Added Pin To Net: NetName=GND Pin=H9-1
Added Pin To Net: NetName=GND Pin=H9-1
Added Pin To Net: NetName=GND Pin=H9-1
Added Pin To Net: NetName=GND Pin=H9-1
Added Pin To Net: NetName=GND Pin=H9-1
Added Pin To Net: NetName=GND Pin=H9-1
Added Pin To Net: NetName=GND Pin=H9-1
Added Pin To Net: NetName=GND Pin=H10-1
Added Pin To Net: NetName=GND Pin=H10-1
Added Pin To Net: NetName=GND Pin=H10-1
Added Pin To Net: NetName=GND Pin=H10-1
Added Pin To Net: NetName=GND Pin=H10-1
Added Pin To Net: NetName=GND Pin=H10-1
Added Pin To Net: NetName=GND Pin=H10-1
Added Pin To Net: NetName=GND Pin=H10-1
Added Pin To Net: NetName=GND Pin=H10-1
Added Pin To Net: NetName=GND Pin=H11-1
Added Pin To Net: NetName=GND Pin=H11-1
Added Pin To Net: NetName=GND Pin=H11-1
Added Pin To Net: NetName=GND Pin=H11-1
Added Pin To Net: NetName=GND Pin=H11-1
Added Pin To Net: NetName=GND Pin=H11-1
Added Pin To Net: NetName=GND Pin=H11-1
Added Pin To Net: NetName=GND Pin=H11-1
Added Pin To Net: NetName=GND Pin=H11-1
Added Pin To Net: NetName=GND Pin=H12-1
Added Pin To Net: NetName=GND Pin=H12-1
Added Pin To Net: NetName=GND Pin=H12-1
Added Pin To Net: NetName=GND Pin=H12-1
Added Pin To Net: NetName=GND Pin=H12-1
Added Pin To Net: NetName=GND Pin=H12-1
Added Pin To Net: NetName=GND Pin=H12-1
Added Pin To Net: NetName=GND Pin=H12-1
Added Pin To Net: NetName=GND Pin=H12-1
Added Pin To Net: NetName=GND Pin=J2-2
Added Pin To Net: NetName=GND Pin=J3-1
Added Pin To Net: NetName=GND Pin=PD1-1
Added Pin To Net: NetName=GND Pin=PD2-1
Added Pin To Net: NetName=GND Pin=PD3-1
Added Pin To Net: NetName=GND Pin=PD4-1
Added Pin To Net: NetName=GND Pin=PD5-1
Added Pin To Net: NetName=GND Pin=PD6-1
Added Pin To Net: NetName=GND Pin=PD7-1
Added Pin To Net: NetName=GND Pin=PD8-1
Added Pin To Net: NetName=GND Pin=PD9-1
Added Pin To Net: NetName=GND Pin=PD10-1
Added Pin To Net: NetName=GND Pin=PD11-1
Added Pin To Net: NetName=GND Pin=PD12-1
Added Pin To Net: NetName=GND Pin=PD13-1
Added Pin To Net: NetName=GND Pin=PD14-1
Added Pin To Net: NetName=GND Pin=PD15-1
Added Pin To Net: NetName=GND Pin=PD16-1
Added Pin To Net: NetName=GND Pin=PD17-1
Added Pin To Net: NetName=GND Pin=PD18-1
Added Pin To Net: NetName=GND Pin=PD19-1
Added Pin To Net: NetName=GND Pin=PD20-1
Added Pin To Net: NetName=GND Pin=PD21-1
Added Pin To Net: NetName=GND Pin=PD22-1
Added Pin To Net: NetName=GND Pin=PD23-1
Added Pin To Net: NetName=GND Pin=PD24-1
Added Pin To Net: NetName=GND Pin=R46-2
Added Pin To Net: NetName=GND Pin=R63-1
Added Pin To Net: NetName=GND Pin=R67-1
Added Pin To Net: NetName=GND Pin=U19-5
Added Pin To Net: NetName=GND Pin=U19-6
Added Pin To Net: NetName=GND Pin=U19-14
Added Pin To Net: NetName=GND Pin=U20-13
Added Pin To Net: NetName=GND Pin=U21-4
Added Pin To Net: NetName=GND Pin=U22-4
Added Pin To Net: NetName=GND Pin=U23-2
Added Pin To Net: NetName=GND Pin=U24-4
Added Pin To Net: NetName=GND Pin=U25-6
Added Pin To Net: NetName=GND Pin=U25-9
Added Pin To Net: NetName=GND Pin=U26-3
Added Pin To Net: NetName=GND Pin=U26-6
Added Pin To Net: NetName=GND Pin=U27-3
Added Pin To Net: NetName=GND Pin=U27-6
Added Pin To Net: NetName=-5 Pin=C91-2
Added Pin To Net: NetName=-5 Pin=C103-2
Added Pin To Net: NetName=-5 Pin=C112-2
Added Pin To Net: NetName=-5 Pin=C130-2
Added Pin To Net: NetName=-5 Pin=U21-21
Added Pin To Net: NetName=-5 Pin=U22-21
Added Pin To Net: NetName=-5 Pin=U24-21
Added Pin To Net: NetName=-5 Pin=U27-5
Added Net: Name=-5
Added Pin To Net: NetName=+3.3 Pin=C83-2
Added Pin To Net: NetName=+3.3 Pin=C84-2
Added Pin To Net: NetName=+3.3 Pin=C97-2
Added Pin To Net: NetName=+3.3 Pin=C98-2
Added Pin To Net: NetName=+3.3 Pin=C106-2
Added Pin To Net: NetName=+3.3 Pin=C107-2
Added Pin To Net: NetName=+3.3 Pin=C123-2
Added Pin To Net: NetName=+3.3 Pin=C125-1
Added Pin To Net: NetName=+3.3 Pin=R48-2
Added Pin To Net: NetName=+3.3 Pin=R49-2
Added Pin To Net: NetName=+3.3 Pin=R50-2
Added Pin To Net: NetName=+3.3 Pin=R51-2
Added Pin To Net: NetName=+3.3 Pin=R56-2
Added Pin To Net: NetName=+3.3 Pin=R59-2
Added Pin To Net: NetName=+3.3 Pin=R60-2
Added Pin To Net: NetName=+3.3 Pin=R64-2
Added Pin To Net: NetName=+3.3 Pin=R65-2
Added Pin To Net: NetName=+3.3 Pin=U19-1
Added Pin To Net: NetName=+3.3 Pin=U19-16
Added Pin To Net: NetName=+3.3 Pin=U20-4
Added Pin To Net: NetName=+3.3 Pin=U23-3
Added Pin To Net: NetName=+3.3 Pin=U23-4
Added Pin To Net: NetName=+3.3 Pin=U26-4
Added Pin To Net: NetName=+3.3 Pin=U26-5
Added Net: Name=+3.3
Added Pin To Net: NetName=+5 Pin=C117-2
Added Pin To Net: NetName=+5 Pin=C119-1
Added Pin To Net: NetName=+5 Pin=C122-2
Added Pin To Net: NetName=+5 Pin=C124-1
Added Pin To Net: NetName=+5 Pin=C128-1
Added Pin To Net: NetName=+5 Pin=JP1-2
Added Pin To Net: NetName=+5 Pin=L1-2
Added Pin To Net: NetName=+5 Pin=R66-2
Added Pin To Net: NetName=+5 Pin=U26-1
Added Pin To Net: NetName=+5 Pin=U26-2
Added Pin To Net: NetName=+5 Pin=U27-8
Added Net: Name=+5
Added Pin To Net: NetName=0R_ADC_IN Pin=D1-1
Added Pin To Net: NetName=0R_ADC_IN Pin=D1-3
Added Pin To Net: NetName=0R_ADC_IN Pin=J2-9
Added Pin To Net: NetName=0R_ADC_IN Pin=R47-1
Added Pin To Net: NetName=0R_ADC_IN Pin=R57-1
Added Net: Name=0R_ADC_IN
Added Pin To Net: NetName=12V_EXP Pin=C90-2
Added Pin To Net: NetName=12V_EXP Pin=C102-2
Added Pin To Net: NetName=12V_EXP Pin=C111-2
Added Pin To Net: NetName=12V_EXP Pin=C116-2
Added Pin To Net: NetName=12V_EXP Pin=C118-1
Added Pin To Net: NetName=12V_EXP Pin=J2-1
Added Pin To Net: NetName=12V_EXP Pin=JP1-1
Added Pin To Net: NetName=12V_EXP Pin=U21-2
Added Pin To Net: NetName=12V_EXP Pin=U22-2
Added Pin To Net: NetName=12V_EXP Pin=U24-2
Added Pin To Net: NetName=12V_EXP Pin=U25-7
Added Net: Name=12V_EXP
Added Pin To Net: NetName=ADC_CONVST Pin=D2-3
Added Pin To Net: NetName=ADC_CONVST Pin=J2-8
Added Pin To Net: NetName=ADC_CONVST Pin=R48-1
Added Pin To Net: NetName=ADC_CONVST Pin=TP14-1
Added Pin To Net: NetName=ADC_CONVST Pin=U19-9
Added Net: Name=ADC_CONVST
Added Pin To Net: NetName=ADC_CS Pin=D2-1
Added Pin To Net: NetName=ADC_CS Pin=J2-7
Added Pin To Net: NetName=ADC_CS Pin=R50-1
Added Pin To Net: NetName=ADC_CS Pin=TP13-1
Added Pin To Net: NetName=ADC_CS Pin=U19-11
Added Net: Name=ADC_CS
Added Pin To Net: NetName=ADC_EOC Pin=R47-2
Added Pin To Net: NetName=ADC_EOC Pin=R49-1
Added Pin To Net: NetName=ADC_EOC Pin=U19-10
Added Net: Name=ADC_EOC
Added Pin To Net: NetName=ADC_IN Pin=C89-1
Added Pin To Net: NetName=ADC_IN Pin=R45-2
Added Pin To Net: NetName=ADC_IN Pin=R57-2
Added Pin To Net: NetName=ADC_IN Pin=TP16-1
Added Pin To Net: NetName=ADC_IN Pin=U20-10
Added Pin To Net: NetName=ADC_IN Pin=U20-11
Added Net: Name=ADC_IN
Added Pin To Net: NetName=MISO_PD Pin=D3-1
Added Pin To Net: NetName=MISO_PD Pin=J2-5
Added Pin To Net: NetName=MISO_PD Pin=TP11-1
Added Pin To Net: NetName=MISO_PD Pin=U19-13
Added Net: Name=MISO_PD
Added Pin To Net: NetName=MOSI_PD Pin=D4-3
Added Pin To Net: NetName=MOSI_PD Pin=J2-4
Added Pin To Net: NetName=MOSI_PD Pin=TP10-1
Added Pin To Net: NetName=MOSI_PD Pin=U19-12
Added Pin To Net: NetName=MOSI_PD Pin=U24-3
Added Net: Name=MOSI_PD
Added Pin To Net: NetName=NetC83_1 Pin=C83-1
Added Pin To Net: NetName=NetC83_1 Pin=C86-2
Added Net: Name=NetC83_1
Added Pin To Net: NetName=NetC84_1 Pin=C84-1
Added Pin To Net: NetName=NetC84_1 Pin=C87-2
Added Net: Name=NetC84_1
Added Pin To Net: NetName=NetC85_1 Pin=C85-1
Added Pin To Net: NetName=NetC85_1 Pin=R46-1
Added Pin To Net: NetName=NetC85_1 Pin=U19-4
Added Net: Name=NetC85_1
Added Pin To Net: NetName=NetC85_2 Pin=C85-2
Added Pin To Net: NetName=NetC85_2 Pin=R45-1
Added Pin To Net: NetName=NetC85_2 Pin=U19-3
Added Net: Name=NetC85_2
Added Pin To Net: NetName=NetC89_2 Pin=C89-2
Added Pin To Net: NetName=NetC89_2 Pin=R52-2
Added Pin To Net: NetName=NetC89_2 Pin=R53-1
Added Net: Name=NetC89_2
Added Pin To Net: NetName=NetC90_1 Pin=C90-1
Added Pin To Net: NetName=NetC90_1 Pin=C93-2
Added Net: Name=NetC90_1
Added Pin To Net: NetName=NetC91_1 Pin=C91-1
Added Pin To Net: NetName=NetC91_1 Pin=C94-2
Added Net: Name=NetC91_1
Added Pin To Net: NetName=NetC92_2 Pin=C92-2
Added Pin To Net: NetName=NetC92_2 Pin=R53-2
Added Pin To Net: NetName=NetC92_2 Pin=U20-12
Added Net: Name=NetC92_2
Added Pin To Net: NetName=NetC95_2 Pin=C95-2
Added Pin To Net: NetName=NetC95_2 Pin=R54-2
Added Pin To Net: NetName=NetC95_2 Pin=R55-1
Added Pin To Net: NetName=NetC95_2 Pin=TP17-1
Added Net: Name=NetC95_2
Added Pin To Net: NetName=NetC96_2 Pin=C96-2
Added Pin To Net: NetName=NetC96_2 Pin=R55-2
Added Pin To Net: NetName=NetC96_2 Pin=U20-14
Added Net: Name=NetC96_2
Added Pin To Net: NetName=NetC97_1 Pin=C97-1
Added Pin To Net: NetName=NetC97_1 Pin=C100-2
Added Net: Name=NetC97_1
Added Pin To Net: NetName=NetC98_1 Pin=C98-1
Added Pin To Net: NetName=NetC98_1 Pin=C101-2
Added Net: Name=NetC98_1
Added Pin To Net: NetName=NetC99_2 Pin=C99-2
Added Pin To Net: NetName=NetC99_2 Pin=R54-1
Added Pin To Net: NetName=NetC99_2 Pin=R58-2
Added Pin To Net: NetName=NetC99_2 Pin=U20-1
Added Net: Name=NetC99_2
Added Pin To Net: NetName=NetC102_1 Pin=C102-1
Added Pin To Net: NetName=NetC102_1 Pin=C104-2
Added Net: Name=NetC102_1
Added Pin To Net: NetName=NetC103_1 Pin=C103-1
Added Pin To Net: NetName=NetC103_1 Pin=C105-2
Added Net: Name=NetC103_1
Added Pin To Net: NetName=NetC106_1 Pin=C106-1
Added Pin To Net: NetName=NetC106_1 Pin=C108-2
Added Net: Name=NetC106_1
Added Pin To Net: NetName=NetC107_1 Pin=C107-1
Added Pin To Net: NetName=NetC107_1 Pin=C109-2
Added Net: Name=NetC107_1
Added Pin To Net: NetName=NetC111_1 Pin=C111-1
Added Pin To Net: NetName=NetC111_1 Pin=C113-2
Added Net: Name=NetC111_1
Added Pin To Net: NetName=NetC112_1 Pin=C112-1
Added Pin To Net: NetName=NetC112_1 Pin=C114-2
Added Net: Name=NetC112_1
Added Pin To Net: NetName=NetC115_1 Pin=C115-1
Added Pin To Net: NetName=NetC115_1 Pin=D5-2
Added Pin To Net: NetName=NetC115_1 Pin=L1-1
Added Pin To Net: NetName=NetC115_1 Pin=U25-8
Added Net: Name=NetC115_1
Added Pin To Net: NetName=NetC115_2 Pin=C115-2
Added Pin To Net: NetName=NetC115_2 Pin=U25-1
Added Net: Name=NetC115_2
Added Pin To Net: NetName=NetC116_1 Pin=C116-1
Added Pin To Net: NetName=NetC116_1 Pin=C120-2
Added Net: Name=NetC116_1
Added Pin To Net: NetName=NetC117_1 Pin=C117-1
Added Pin To Net: NetName=NetC117_1 Pin=C121-2
Added Net: Name=NetC117_1
Added Pin To Net: NetName=NetC122_1 Pin=C122-1
Added Pin To Net: NetName=NetC122_1 Pin=C126-2
Added Net: Name=NetC122_1
Added Pin To Net: NetName=NetC123_1 Pin=C123-1
Added Pin To Net: NetName=NetC123_1 Pin=C127-2
Added Net: Name=NetC123_1
Added Pin To Net: NetName=NetC129_1 Pin=C129-1
Added Pin To Net: NetName=NetC129_1 Pin=U27-2
Added Net: Name=NetC129_1
Added Pin To Net: NetName=NetC129_2 Pin=C129-2
Added Pin To Net: NetName=NetC129_2 Pin=U27-4
Added Net: Name=NetC129_2
Added Pin To Net: NetName=NetJ3_3 Pin=J3-3
Added Pin To Net: NetName=NetJ3_3 Pin=R61-1
Added Net: Name=NetJ3_3
Added Pin To Net: NetName=NetPD1_2 Pin=PD1-2
Added Pin To Net: NetName=NetPD1_2 Pin=PD1-2
Added Pin To Net: NetName=NetPD1_2 Pin=PD1-2
Added Pin To Net: NetName=NetPD1_2 Pin=U21-5
Added Net: Name=NetPD1_2
Added Pin To Net: NetName=NetPD2_2 Pin=PD2-2
Added Pin To Net: NetName=NetPD2_2 Pin=PD2-2
Added Pin To Net: NetName=NetPD2_2 Pin=PD2-2
Added Pin To Net: NetName=NetPD2_2 Pin=U21-7
Added Net: Name=NetPD2_2
Added Pin To Net: NetName=NetPD3_2 Pin=PD3-2
Added Pin To Net: NetName=NetPD3_2 Pin=PD3-2
Added Pin To Net: NetName=NetPD3_2 Pin=PD3-2
Added Pin To Net: NetName=NetPD3_2 Pin=U21-9
Added Net: Name=NetPD3_2
Added Pin To Net: NetName=NetPD4_2 Pin=PD4-2
Added Pin To Net: NetName=NetPD4_2 Pin=PD4-2
Added Pin To Net: NetName=NetPD4_2 Pin=PD4-2
Added Pin To Net: NetName=NetPD4_2 Pin=U21-11
Added Net: Name=NetPD4_2
Added Pin To Net: NetName=NetPD5_2 Pin=PD5-2
Added Pin To Net: NetName=NetPD5_2 Pin=PD5-2
Added Pin To Net: NetName=NetPD5_2 Pin=PD5-2
Added Pin To Net: NetName=NetPD5_2 Pin=U21-20
Added Net: Name=NetPD5_2
Added Pin To Net: NetName=NetPD6_2 Pin=PD6-2
Added Pin To Net: NetName=NetPD6_2 Pin=PD6-2
Added Pin To Net: NetName=NetPD6_2 Pin=PD6-2
Added Pin To Net: NetName=NetPD6_2 Pin=U21-14
Added Net: Name=NetPD6_2
Added Pin To Net: NetName=NetPD7_2 Pin=PD7-2
Added Pin To Net: NetName=NetPD7_2 Pin=PD7-2
Added Pin To Net: NetName=NetPD7_2 Pin=PD7-2
Added Pin To Net: NetName=NetPD7_2 Pin=U21-18
Added Net: Name=NetPD7_2
Added Pin To Net: NetName=NetPD8_2 Pin=PD8-2
Added Pin To Net: NetName=NetPD8_2 Pin=PD8-2
Added Pin To Net: NetName=NetPD8_2 Pin=PD8-2
Added Pin To Net: NetName=NetPD8_2 Pin=U21-16
Added Net: Name=NetPD8_2
Added Pin To Net: NetName=NetPD9_2 Pin=PD9-2
Added Pin To Net: NetName=NetPD9_2 Pin=PD9-2
Added Pin To Net: NetName=NetPD9_2 Pin=PD9-2
Added Pin To Net: NetName=NetPD9_2 Pin=U22-5
Added Net: Name=NetPD9_2
Added Pin To Net: NetName=NetPD10_2 Pin=PD10-2
Added Pin To Net: NetName=NetPD10_2 Pin=PD10-2
Added Pin To Net: NetName=NetPD10_2 Pin=PD10-2
Added Pin To Net: NetName=NetPD10_2 Pin=U22-7
Added Net: Name=NetPD10_2
Added Pin To Net: NetName=NetPD11_2 Pin=PD11-2
Added Pin To Net: NetName=NetPD11_2 Pin=PD11-2
Added Pin To Net: NetName=NetPD11_2 Pin=PD11-2
Added Pin To Net: NetName=NetPD11_2 Pin=U22-9
Added Net: Name=NetPD11_2
Added Pin To Net: NetName=NetPD12_2 Pin=PD12-2
Added Pin To Net: NetName=NetPD12_2 Pin=PD12-2
Added Pin To Net: NetName=NetPD12_2 Pin=PD12-2
Added Pin To Net: NetName=NetPD12_2 Pin=U22-11
Added Net: Name=NetPD12_2
Added Pin To Net: NetName=NetPD13_2 Pin=PD13-2
Added Pin To Net: NetName=NetPD13_2 Pin=PD13-2
Added Pin To Net: NetName=NetPD13_2 Pin=PD13-2
Added Pin To Net: NetName=NetPD13_2 Pin=U22-20
Added Net: Name=NetPD13_2
Added Pin To Net: NetName=NetPD14_2 Pin=PD14-2
Added Pin To Net: NetName=NetPD14_2 Pin=PD14-2
Added Pin To Net: NetName=NetPD14_2 Pin=PD14-2
Added Pin To Net: NetName=NetPD14_2 Pin=U22-14
Added Net: Name=NetPD14_2
Added Pin To Net: NetName=NetPD15_2 Pin=PD15-2
Added Pin To Net: NetName=NetPD15_2 Pin=PD15-2
Added Pin To Net: NetName=NetPD15_2 Pin=PD15-2
Added Pin To Net: NetName=NetPD15_2 Pin=U22-18
Added Net: Name=NetPD15_2
Added Pin To Net: NetName=NetPD16_2 Pin=PD16-2
Added Pin To Net: NetName=NetPD16_2 Pin=PD16-2
Added Pin To Net: NetName=NetPD16_2 Pin=PD16-2
Added Pin To Net: NetName=NetPD16_2 Pin=U22-16
Added Net: Name=NetPD16_2
Added Pin To Net: NetName=NetPD17_2 Pin=PD17-2
Added Pin To Net: NetName=NetPD17_2 Pin=PD17-2
Added Pin To Net: NetName=NetPD17_2 Pin=PD17-2
Added Pin To Net: NetName=NetPD17_2 Pin=U24-5
Added Net: Name=NetPD17_2
Added Pin To Net: NetName=NetPD18_2 Pin=PD18-2
Added Pin To Net: NetName=NetPD18_2 Pin=PD18-2
Added Pin To Net: NetName=NetPD18_2 Pin=PD18-2
Added Pin To Net: NetName=NetPD18_2 Pin=U24-7
Added Net: Name=NetPD18_2
Added Pin To Net: NetName=NetPD19_2 Pin=PD19-2
Added Pin To Net: NetName=NetPD19_2 Pin=PD19-2
Added Pin To Net: NetName=NetPD19_2 Pin=PD19-2
Added Pin To Net: NetName=NetPD19_2 Pin=U24-9
Added Net: Name=NetPD19_2
Added Pin To Net: NetName=NetPD20_2 Pin=PD20-2
Added Pin To Net: NetName=NetPD20_2 Pin=PD20-2
Added Pin To Net: NetName=NetPD20_2 Pin=PD20-2
Added Pin To Net: NetName=NetPD20_2 Pin=U24-11
Added Net: Name=NetPD20_2
Added Pin To Net: NetName=NetPD21_2 Pin=PD21-2
Added Pin To Net: NetName=NetPD21_2 Pin=PD21-2
Added Pin To Net: NetName=NetPD21_2 Pin=PD21-2
Added Pin To Net: NetName=NetPD21_2 Pin=U24-20
Added Net: Name=NetPD21_2
Added Pin To Net: NetName=NetPD22_2 Pin=PD22-2
Added Pin To Net: NetName=NetPD22_2 Pin=PD22-2
Added Pin To Net: NetName=NetPD22_2 Pin=PD22-2
Added Pin To Net: NetName=NetPD22_2 Pin=U24-14
Added Net: Name=NetPD22_2
Added Pin To Net: NetName=NetPD23_2 Pin=PD23-2
Added Pin To Net: NetName=NetPD23_2 Pin=PD23-2
Added Pin To Net: NetName=NetPD23_2 Pin=PD23-2
Added Pin To Net: NetName=NetPD23_2 Pin=U24-18
Added Net: Name=NetPD23_2
Added Pin To Net: NetName=NetPD24_2 Pin=PD24-2
Added Pin To Net: NetName=NetPD24_2 Pin=PD24-2
Added Pin To Net: NetName=NetPD24_2 Pin=PD24-2
Added Pin To Net: NetName=NetPD24_2 Pin=U24-16
Added Net: Name=NetPD24_2
Added Pin To Net: NetName=NetR52_1 Pin=R52-1
Added Pin To Net: NetName=NetR52_1 Pin=U20-15
Added Pin To Net: NetName=NetR52_1 Pin=U20-16
Added Net: Name=NetR52_1
Added Pin To Net: NetName=NetR56_1 Pin=R56-1
Added Pin To Net: NetName=NetR56_1 Pin=U21-23
Added Net: Name=NetR56_1
Added Pin To Net: NetName=NetR60_1 Pin=R60-1
Added Pin To Net: NetName=NetR60_1 Pin=U22-23
Added Net: Name=NetR60_1
Added Pin To Net: NetName=NetR61_2 Pin=R61-2
Added Pin To Net: NetName=NetR61_2 Pin=R62-2
Added Pin To Net: NetName=NetR61_2 Pin=R63-2
Added Net: Name=NetR61_2
Added Pin To Net: NetName=NetR65_1 Pin=R65-1
Added Pin To Net: NetName=NetR65_1 Pin=U24-23
Added Net: Name=NetR65_1
Added Pin To Net: NetName=NetR66_1 Pin=R66-1
Added Pin To Net: NetName=NetR66_1 Pin=R67-2
Added Pin To Net: NetName=NetR66_1 Pin=U25-4
Added Net: Name=NetR66_1
Added Pin To Net: NetName=PHOTODIODE Pin=C99-1
Added Pin To Net: NetName=PHOTODIODE Pin=R58-1
Added Pin To Net: NetName=PHOTODIODE Pin=TP18-1
Added Pin To Net: NetName=PHOTODIODE Pin=U20-2
Added Pin To Net: NetName=PHOTODIODE Pin=U21-6
Added Pin To Net: NetName=PHOTODIODE Pin=U21-8
Added Pin To Net: NetName=PHOTODIODE Pin=U21-10
Added Pin To Net: NetName=PHOTODIODE Pin=U21-12
Added Pin To Net: NetName=PHOTODIODE Pin=U21-13
Added Pin To Net: NetName=PHOTODIODE Pin=U21-15
Added Pin To Net: NetName=PHOTODIODE Pin=U21-17
Added Pin To Net: NetName=PHOTODIODE Pin=U21-19
Added Pin To Net: NetName=PHOTODIODE Pin=U22-6
Added Pin To Net: NetName=PHOTODIODE Pin=U22-8
Added Pin To Net: NetName=PHOTODIODE Pin=U22-10
Added Pin To Net: NetName=PHOTODIODE Pin=U22-12
Added Pin To Net: NetName=PHOTODIODE Pin=U22-13
Added Pin To Net: NetName=PHOTODIODE Pin=U22-15
Added Pin To Net: NetName=PHOTODIODE Pin=U22-17
Added Pin To Net: NetName=PHOTODIODE Pin=U22-19
Added Pin To Net: NetName=PHOTODIODE Pin=U24-6
Added Pin To Net: NetName=PHOTODIODE Pin=U24-8
Added Pin To Net: NetName=PHOTODIODE Pin=U24-10
Added Pin To Net: NetName=PHOTODIODE Pin=U24-12
Added Pin To Net: NetName=PHOTODIODE Pin=U24-13
Added Pin To Net: NetName=PHOTODIODE Pin=U24-15
Added Pin To Net: NetName=PHOTODIODE Pin=U24-17
Added Pin To Net: NetName=PHOTODIODE Pin=U24-19
Added Net: Name=PHOTODIODE
Added Pin To Net: NetName=SCK_PD Pin=D4-1
Added Pin To Net: NetName=SCK_PD Pin=J2-3
Added Pin To Net: NetName=SCK_PD Pin=TP9-1
Added Pin To Net: NetName=SCK_PD Pin=U19-15
Added Pin To Net: NetName=SCK_PD Pin=U21-1
Added Pin To Net: NetName=SCK_PD Pin=U22-1
Added Pin To Net: NetName=SCK_PD Pin=U24-1
Added Net: Name=SCK_PD
Added Pin To Net: NetName=SDO_1 Pin=R64-1
Added Pin To Net: NetName=SDO_1 Pin=TP20-1
Added Pin To Net: NetName=SDO_1 Pin=U22-3
Added Pin To Net: NetName=SDO_1 Pin=U24-22
Added Net: Name=SDO_1
Added Pin To Net: NetName=SDO_2 Pin=R59-1
Added Pin To Net: NetName=SDO_2 Pin=U21-3
Added Pin To Net: NetName=SDO_2 Pin=U22-22
Added Net: Name=SDO_2
Added Pin To Net: NetName=SDO_3 Pin=R51-1
Added Pin To Net: NetName=SDO_3 Pin=U21-22
Added Net: Name=SDO_3
Added Pin To Net: NetName=SW_CS Pin=D3-3
Added Pin To Net: NetName=SW_CS Pin=J2-6
Added Pin To Net: NetName=SW_CS Pin=TP12-1
Added Pin To Net: NetName=SW_CS Pin=U21-24
Added Pin To Net: NetName=SW_CS Pin=U22-24
Added Pin To Net: NetName=SW_CS Pin=U24-24
Added Net: Name=SW_CS
Added Pin To Net: NetName=VREF_ADC Pin=C88-2
Added Pin To Net: NetName=VREF_ADC Pin=R62-1
Added Pin To Net: NetName=VREF_ADC Pin=TP15-1
Added Pin To Net: NetName=VREF_ADC Pin=U19-7
Added Pin To Net: NetName=VREF_ADC Pin=U23-5
Added Net: Name=VREF_ADC
Added Pin To Net: NetName=VREF_PD Pin=C110-1
Added Pin To Net: NetName=VREF_PD Pin=J3-2
Added Pin To Net: NetName=VREF_PD Pin=TP19-1
Added Pin To Net: NetName=VREF_PD Pin=U20-3
Added Net: Name=VREF_PD
Change Class Name : Old Net Name=CONNECTOR New Net Name=CAM_CONNECTOR
Change Class Name : Old Net Name=POWER New Net Name=CAM_POWER
Change Class Name : Old Net Name=SENSOR New Net Name=CAM_SENSOR
Added Class: Name=PHOTO_COMMUNICATION
Added Class: Name=PHOTO_POWER
Added Class: Name=PHOTODIODE
Added Member To Class: ClassName=CAM_POWER Member=Component R8 4.7k
Added Member To Class: ClassName=CAM_SENSOR Member=Component TP1
Added Rule: Name=Schematic Supply Nets_7
Added Rule: Name=Schematic Supply Nets_8
Added Rule: Name=Schematic Supply Nets_9
Added Rule: Name=Schematic Supply Nets_10
Added Rule: Name=Schematic Supply Nets_11
Added Rule: Name=Schematic Supply Nets_12
