Change Component Designator: Old Designator=C? New Designator=C89
Change Component Designator: Old Designator=C? New Designator=C90
Change Component Designator: Old Designator=C? New Designator=C91
Change Component Designator: Old Designator=C? New Designator=C92
Change Component Designator: Old Designator=C? New Designator=C93
Change Component Designator: Old Designator=C? New Designator=C94
Change Component Designator: Old Designator=C? New Designator=C95
Change Component Designator: Old Designator=C? New Designator=C96
Change Component Designator: Old Designator=C? New Designator=C97
Change Component Designator: Old Designator=C? New Designator=C98
Change Component Designator: Old Designator=C? New Designator=C99
Change Component Designator: Old Designator=C? New Designator=C100
Change Component Designator: Old Designator=C? New Designator=C101
Change Component Designator: Old Designator=C? New Designator=C102
Change Component Designator: Old Designator=C? New Designator=C103
Change Component Designator: Old Designator=C? New Designator=C104
Change Component Designator: Old Designator=C? New Designator=C105
Change Component Designator: Old Designator=C? New Designator=C106
Change Component Designator: Old Designator=C? New Designator=C107
Change Component Designator: Old Designator=C? New Designator=C108
Change Component Designator: Old Designator=C? New Designator=C109
Change Component Designator: Old Designator=C? New Designator=C110
Change Component Designator: Old Designator=C? New Designator=C111
Change Component Designator: Old Designator=C? New Designator=C112
Change Component Designator: Old Designator=C? New Designator=C113
Change Component Designator: Old Designator=C? New Designator=C114
Change Component Designator: Old Designator=J? New Designator=J3
Change Component Designator: Old Designator=PD? New Designator=PD1
Change Component Designator: Old Designator=PD? New Designator=PD2
Change Component Designator: Old Designator=PD? New Designator=PD3
Change Component Designator: Old Designator=PD? New Designator=PD4
Change Component Designator: Old Designator=PD? New Designator=PD5
Change Component Designator: Old Designator=PD? New Designator=PD6
Change Component Designator: Old Designator=PD? New Designator=PD7
Change Component Designator: Old Designator=PD? New Designator=PD8
Change Component Designator: Old Designator=PD? New Designator=PD9
Change Component Designator: Old Designator=PD? New Designator=PD10
Change Component Designator: Old Designator=PD? New Designator=PD11
Change Component Designator: Old Designator=PD? New Designator=PD12
Change Component Designator: Old Designator=PD? New Designator=PD13
Change Component Designator: Old Designator=PD? New Designator=PD14
Change Component Designator: Old Designator=PD? New Designator=PD15
Change Component Designator: Old Designator=PD? New Designator=PD16
Change Component Designator: Old Designator=PD? New Designator=PD17
Change Component Designator: Old Designator=PD? New Designator=PD18
Change Component Designator: Old Designator=PD? New Designator=PD19
Change Component Designator: Old Designator=PD? New Designator=PD20
Change Component Designator: Old Designator=PD? New Designator=PD21
Change Component Designator: Old Designator=PD? New Designator=PD22
Change Component Designator: Old Designator=PD? New Designator=PD23
Change Component Designator: Old Designator=PD? New Designator=PD24
Change Component Designator: Old Designator=R? New Designator=R51
Change Component Designator: Old Designator=R? New Designator=R52
Change Component Designator: Old Designator=R? New Designator=R53
Change Component Designator: Old Designator=R? New Designator=R54
Change Component Designator: Old Designator=R? New Designator=R55
Change Component Designator: Old Designator=R? New Designator=R56
Change Component Designator: Old Designator=R? New Designator=R57
Change Component Designator: Old Designator=R? New Designator=R58
Change Component Designator: Old Designator=R? New Designator=R59
Change Component Designator: Old Designator=R? New Designator=R60
Change Component Designator: Old Designator=R? New Designator=R61
Change Component Designator: Old Designator=R? New Designator=R62
Change Component Designator: Old Designator=R? New Designator=R63
Change Component Designator: Old Designator=R? New Designator=R64
Change Component Designator: Old Designator=R? New Designator=R65
Change Component Designator: Old Designator=TP? New Designator=TP16
Change Component Designator: Old Designator=TP? New Designator=TP17
Change Component Designator: Old Designator=TP? New Designator=TP18
Change Component Designator: Old Designator=TP? New Designator=TP19
Change Component Designator: Old Designator=TP? New Designator=TP20
Change Component Designator: Old Designator=U? New Designator=U21
Change Component Designator: Old Designator=U? New Designator=U22
Change Component Designator: Old Designator=U? New Designator=U23
Change Component Designator: Old Designator=U? New Designator=U24
Change Component Designator: Old Designator=U? New Designator=U20
Change Component Designator: Old Designator=U? New Designator=U20
Change Component Designator: Old Designator=U? New Designator=U20
